2023-01-15 03:03:55,803 - logger_api - ERROR - get available: KeyError - (api.py:66)
2023-01-15 03:05:13,080 - logger_api - INFO - get campaigns: 200 - (api.py:55)
2023-01-15 03:46:59,225 - logger_api - ERROR - camp list: 401 - (api.py:108)
2023-01-15 03:47:01,806 - logger_api - ERROR - camp list: 401 - (api.py:108)
2023-01-15 03:47:35,630 - logger_api - INFO - camp list: 200 - (api.py:101)
2023-01-15 13:14:30,469 - logger_api - ERROR - camp info: error wb 401 - (api.py:143)
2023-01-15 13:15:03,780 - logger_api - INFO - camp info: 200 - (api.py:140)
2023-01-15 13:27:42,313 - logger_api - ERROR - camp start: error wb 401 - (api.py:178)
2023-01-15 13:27:57,971 - logger_api - ERROR - camp start: error wb 400 - (api.py:178)
2023-01-15 13:28:16,896 - logger_api - ERROR - camp start: KeyError - (api.py:186)
2023-01-15 13:37:06,630 - logger_api - ERROR - camp pause: error wb 401 - (api.py:213)
2023-01-15 13:37:21,402 - logger_api - ERROR - camp pause: error wb 400 - (api.py:213)
2023-01-15 14:04:42,667 - logger_api - ERROR - bids list: error wb 401 - (api.py:249)
2023-01-15 14:04:59,847 - logger_api - INFO - bids list: 200 - (api.py:246)
2023-01-15 14:37:57,856 - logger_api - ERROR - bids edit: error wb 401 - (api.py:287)
2023-01-15 14:38:13,747 - logger_api - ERROR - bids edit: error wb 400 - (api.py:287)
2023-02-24 03:15:16,251 - logger_api - ERROR - bids list: error wb 401 - (api.py:249)
2023-04-03 11:58:10,642 - logger_api - INFO - bids_edit: None wb unknown error - (api.py:270)
2023-04-03 12:04:52,351 - logger_api - INFO - bids_edit: None wb unknown error - (api.py:270)
2023-04-03 12:05:50,923 - logger_api - ERROR - bids edit: Expecting value: line 1 column 1 (char 0) - (api.py:281)
2023-04-03 12:08:11,210 - logger_api - INFO - bids_edit: 401 TokenMissing or TokenInvalid or TokenNotFound - (api.py:270)
2023-04-03 12:08:54,424 - logger_api - INFO - bids_edit: 401 TokenMissing or TokenInvalid or TokenNotFound - (api.py:270)
2023-04-03 12:09:37,020 - logger_api - INFO - bids_edit: 401 TokenMissing or TokenInvalid or TokenNotFound - (api.py:270)
2023-04-03 12:16:33,168 - logger_api - ERROR - bids edit: Expecting value: line 1 column 1 (char 0) - (api.py:281)
2023-04-03 12:18:49,555 - logger_api - INFO - bids_edit: 401 TokenMissing or TokenInvalid or TokenNotFound - (api.py:270)
2023-04-03 16:50:41,106 - logger_api - INFO - get_campaigns: 401 TokenMissing - (api.py:69)
2023-04-03 16:52:30,374 - logger_api - INFO - get_campaigns: 200 success - (api.py:69)
2023-04-04 01:56:15,059 - logger_api - INFO - questions_new: 200 success - (api.py:578)
2023-04-04 01:56:42,525 - logger_api - INFO - questions_products_rating: 200 success - (api.py:605)
2023-04-04 01:57:11,700 - logger_api - INFO - questions_list: 200 success - (api.py:636)
2023-04-04 01:57:20,358 - logger_api - INFO - questions_list: 200 success - (api.py:636)
2023-04-04 01:57:40,964 - logger_api - INFO - questions_report: 200 success - (api.py:694)
2023-04-04 01:58:43,080 - logger_api - INFO - questions_work: 404 error - not found - (api.py:667)
2023-04-04 01:59:19,719 - logger_api - INFO - questions_unanswered: 200 success - (api.py:552)
2023-04-04 01:59:33,818 - logger_api - INFO - questions_unanswered: 401 TokenMissing or TokenInvalid or TokenNotFound - (api.py:552)
2023-04-04 03:20:15,605 - logger_api - INFO - feedbacks_archived: 401 TokenMissing or TokenInvalid or TokenNotFound - (api.py:923)
2023-04-04 03:20:29,139 - logger_api - INFO - feedbacks_archived: 200 success - (api.py:923)
2023-04-04 03:20:48,126 - logger_api - INFO - feedbacks_list: 401 TokenMissing or TokenInvalid or TokenNotFound - (api.py:832)
2023-04-04 03:20:55,731 - logger_api - INFO - feedbacks_list: 200 success - (api.py:832)
2023-04-04 03:21:08,387 - logger_api - INFO - feedbacks_report: 401 TokenMissing or TokenInvalid or TokenNotFound - (api.py:892)
2023-04-04 03:21:17,964 - logger_api - INFO - feedbacks_report: 200 success - (api.py:892)
2023-04-04 03:21:28,783 - logger_api - INFO - feedbacks_work: 401 TokenMissing or TokenInvalid or TokenNotFound - (api.py:864)
2023-04-04 03:21:38,148 - logger_api - INFO - feedbacks_work: 422 unknown error - (api.py:864)
2023-04-04 03:22:09,482 - logger_api - INFO - feedbacks_work: 422 unknown error - (api.py:864)
2023-04-04 03:22:12,754 - logger_api - INFO - feedbacks_work: 422 unknown error - (api.py:864)
2023-04-04 03:23:20,063 - logger_api - ERROR - feedbacks_work: 'NoneType' object has no attribute 'get' - (api.py:875)
2023-04-04 03:26:03,754 - logger_api - INFO - questions_work: 401 TokenMissing or TokenInvalid or TokenNotFound - (api.py:667)
2023-04-04 03:26:27,399 - logger_api - INFO - questions_work: 404 error - not found - (api.py:667)
2023-04-04 03:28:24,445 - logger_api - INFO - feedbacks_work: 422 error - unknown - (api.py:864)
2023-04-04 03:29:07,741 - logger_api - INFO - feedbacks_parent_subjects: 401 TokenMissing or TokenInvalid or TokenNotFound - (api.py:746)
2023-04-04 03:29:23,720 - logger_api - INFO - feedbacks_parent_subjects: 200 success - (api.py:746)
2023-04-04 03:29:33,641 - logger_api - INFO - feedbacks_products_rating: 401 TokenMissing or TokenInvalid or TokenNotFound - (api.py:773)
2023-04-04 03:29:40,931 - logger_api - INFO - feedbacks_products_rating: 200 success - (api.py:773)
2023-04-04 03:29:49,767 - logger_api - INFO - feedbacks_products_rating_nm_id: 401 TokenMissing or TokenInvalid or TokenNotFound - (api.py:950)
2023-04-04 03:29:58,011 - logger_api - INFO - feedbacks_products_rating_nm_id: 400 params error - (api.py:950)
2023-04-04 03:30:12,000 - logger_api - INFO - feedbacks_products_rating_top: 401 TokenMissing or TokenInvalid or TokenNotFound - (api.py:800)
2023-04-04 03:30:18,703 - logger_api - INFO - feedbacks_products_rating_top: 200 success - (api.py:800)
2023-04-04 03:30:30,581 - logger_api - INFO - feedbacks_unanswered: 401 TokenMissing or TokenInvalid or TokenNotFound - (api.py:720)
2023-04-04 03:30:37,789 - logger_api - INFO - feedbacks_unanswered: 200 success - (api.py:720)
